<?xml version="1.0" encoding="UTF-8"?>
<!-- Generated by org.testng.reporters.JUnitReportReporter -->
<testsuite hostname="NEW-PC" name="pom.ExePageGuru99" tests="6" failures="0" timestamp="6 Feb 2017 13:29:06 GMT" time="14.268" errors="0">
  <testcase name="testCase" time="2.510" classname="pom.ExePageGuru99"/>
  <testcase name="testCase" time="2.432" classname="pom.ExePageGuru99"/>
  <testcase name="testCase" time="2.711" classname="pom.ExePageGuru99"/>
  <testcase name="testCase" time="2.102" classname="pom.ExePageGuru99"/>
  <testcase name="testCase" time="2.431" classname="pom.ExePageGuru99"/>
  <testcase name="testCase" time="2.082" classname="pom.ExePageGuru99"/>
</testsuite> <!-- pom.ExePageGuru99 -->
